<?xml version="1.0" encoding="UTF-8"?>
<!-- Generated by org.testng.reporters.JUnitXMLReporter -->
<testsuite ignored="4" hostname="Chukki_Laptop" failures="0" tests="0" time="0.018" errors="0" timestamp="2023-10-26T23:01:43 IST">
  <testcase classname="com.abc.includeAndExclude.Facebook" name="searchWithInalidData" time="0.0">
    <ignored/>
  </testcase> <!-- searchWithInalidData -->
  <testcase classname="com.abc.includeAndExclude.Facebook" name="loginWithInvalidData" time="0.0">
    <ignored/>
  </testcase> <!-- loginWithInvalidData -->
  <testcase classname="com.abc.includeAndExclude.Facebook" name="loginWithValidData" time="0.0">
    <ignored/>
  </testcase> <!-- loginWithValidData -->
  <testcase classname="com.abc.includeAndExclude.Facebook" name="searchWithValidData" time="0.0">
    <ignored/>
  </testcase> <!-- searchWithValidData -->
</testsuite>
