<?xml version="1.0" encoding="UTF-8"?>
<!-- Generated by org.testng.reporters.JUnitXMLReporter -->
<testsuite ignored="2" hostname="Udays-MacBook-Pro.local" failures="0" tests="2" name="loginAndSearch" time="0.093" errors="0" timestamp="2023-10-23T21:30:29 GMT-07:00">
  <testcase classname="com.abc.includeAndExclude.Facebook" name="searchWithInalidData" time="0.013"/>
  <testcase classname="com.abc.includeAndExclude.Facebook" name="searchWithValidData" time="0.006"/>
  <testcase classname="com.abc.includeAndExclude.Facebook" name="loginWithValidData" time="0.0">
    <ignored/>
  </testcase> <!-- loginWithValidData -->
  <testcase classname="com.abc.includeAndExclude.Facebook" name="loginWithInvalidData" time="0.0">
    <ignored/>
  </testcase> <!-- loginWithInvalidData -->
</testsuite> <!-- loginAndSearch -->
