<?xml version="1.0" encoding="UTF-8"?>
<testng-results ignored="0" total="4" passed="4" failed="0" skipped="0">
  <reporter-output>
  </reporter-output>
  <suite started-at="2023-11-16T22:46:05 IST" name="Trial3" finished-at="2023-11-16T22:46:06 IST" duration-ms="96">
    <groups>
      <group name="search">
        <method signature="Facebook.searchWithInalidData()[pri:0, instance:com.abc.includeAndExclude.Facebook@4fb0f2b9]" name="searchWithInalidData" class="com.abc.includeAndExclude.Facebook"/>
        <method signature="Facebook.searchWithValidData()[pri:0, instance:com.abc.includeAndExclude.Facebook@4fb0f2b9]" name="searchWithValidData" class="com.abc.includeAndExclude.Facebook"/>
      </group> <!-- search -->
      <group name="login">
        <method signature="Facebook.loginWithInvalidData()[pri:0, instance:com.abc.includeAndExclude.Facebook@4fb0f2b9]" name="loginWithInvalidData" class="com.abc.includeAndExclude.Facebook"/>
        <method signature="Facebook.loginWithValidData()[pri:0, instance:com.abc.includeAndExclude.Facebook@4fb0f2b9]" name="loginWithValidData" class="com.abc.includeAndExclude.Facebook"/>
      </group> <!-- login -->
    </groups>
    <test started-at="2023-11-16T22:46:05 IST" name="includeAndExclude" finished-at="2023-11-16T22:46:06 IST" duration-ms="96">
      <class name="com.abc.includeAndExclude.Facebook">
        <test-method signature="loginWithInvalidData()[pri:0, instance:com.abc.includeAndExclude.Facebook@4fb0f2b9]" started-at="2023-11-16T22:46:05 IST" name="loginWithInvalidData" finished-at="2023-11-16T22:46:05 IST" duration-ms="12" status="PASS">
          <reporter-output>
          </reporter-output>
        </test-method> <!-- loginWithInvalidData -->
        <test-method signature="loginWithValidData()[pri:0, instance:com.abc.includeAndExclude.Facebook@4fb0f2b9]" started-at="2023-11-16T22:46:05 IST" name="loginWithValidData" finished-at="2023-11-16T22:46:05 IST" duration-ms="3" status="PASS">
          <reporter-output>
          </reporter-output>
        </test-method> <!-- loginWithValidData -->
        <test-method signature="searchWithInalidData()[pri:0, instance:com.abc.includeAndExclude.Facebook@4fb0f2b9]" started-at="2023-11-16T22:46:05 IST" name="searchWithInalidData" finished-at="2023-11-16T22:46:05 IST" duration-ms="1" status="PASS">
          <reporter-output>
          </reporter-output>
        </test-method> <!-- searchWithInalidData -->
        <test-method signature="searchWithValidData()[pri:0, instance:com.abc.includeAndExclude.Facebook@4fb0f2b9]" started-at="2023-11-16T22:46:05 IST" name="searchWithValidData" finished-at="2023-11-16T22:46:05 IST" duration-ms="4" status="PASS">
          <reporter-output>
          </reporter-output>
        </test-method> <!-- searchWithValidData -->
      </class> <!-- com.abc.includeAndExclude.Facebook -->
    </test> <!-- includeAndExclude -->
  </suite> <!-- Trial3 -->
</testng-results>
